
Test #1: collatz-tests/ad36457-RunCollatz.in
Runtime: 0 seconds
5,12c5,104
< Traceback (most recent call last):
<   File "./RunCollatz.py", line 22, in <module>
<     collatz_solve(sys.stdin, sys.stdout)
<   File "/Users/mkurian/Github/cs373-collatz/Collatz.py", line 105, in collatz_solve
<     v = collatz_eval(i, j)
<   File "/Users/mkurian/Github/cs373-collatz/Collatz.py", line 56, in collatz_eval
<     assert 0 < j < 1000000
< AssertionError
---
> 999000 1000000 396
> 1 3 2
> 9 9 20
> 100 1 119
> 821001 839194 525
> 713719 755142 424
> 606993 656909 509
> 408972 397871 405
> 448858 431251 400
> 214677 193521 373
> 39319 10757 324
> 951586 970983 458
> 515564 529682 439
> 361526 363150 361
> 452803 427305 400
> 840452 811778 525
> 275201 312274 389
> 748886 725648 424
> 578416 607912 434
> 133157 164976 383
> 630456 644839 416
> 90003 53335 351
> 550255 580078 421
> 899747 894650 370
> 755503 753257 362
> 111328 95847 354
> 555834 511526 470
> 706620 696585 504
> 120795 98486 354
> 166470 122952 383
> 767133 786217 468
> 494460 482667 426
> 882370 851854 432
> 746739 712291 424
> 606956 591739 403
> 5684 -7526 -1
> 495346 448258 444
> 76744 109689 354
> 307459 279252 389
> 209771 209795 156
> 868077 900859 445
> 833037 810401 450
> 581949 567147 390
> 763130 730761 424
> 281285 313059 389
> 915076 932869 476
> 600508 619173 447
> 806919 839426 525
> 784216 804157 468
> 879806 918526 476
> 21166 51590 324
> 126206 100137 354
> 155588 172712 383
> 558079 525671 452
> 105495 123668 354
> 821618 821033 375
> 723600 752816 424
> 567357 549048 421
> 260028 259075 345
> 453801 498112 444
> 409246 408556 312
> 135494 142722 375
> 123989 105891 354
> 557438 546014 452
> 9565 41455 324
> 219933 250954 443
> 276140 286557 389
> 185288 189689 347
> 271130 304271 389
> 799839 818451 406
> 391966 351017 436
> 389565 380064 436
> 662508 637174 429
> 128008 125165 331
> 901012 905398 401
> 24476 67352 340
> 450909 447448 387
> 759633 807810 468
> 990184 989336 352
> 204290 182073 360
> 398244 380317 436
> 81335 93802 333
> 466274 502464 426
> 523268 498961 470
> 252600 204830 443
> 843673 887526 445
> 878260 915408 476
> 515990 495768 470
> 33762 22957 308
> 369333 416163 449
> 344878 339509 366
> 285454 289756 389
> 600383 572821 434
> 592456 623707 447
> 971703 993789 427
> 626601 621773 509
> 583223 550841 421
> 651983 625745 509
> 886015 935877 476
> 676888 660612 442
----------


Test #2: collatz-tests/amp4235-RunCollatz.in
Runtime: 0 seconds
1,4c1,4
< 1 10 20
< 100 200 125
< 201 210 89
< 900 1000 174
---
> 1 10 1
> 100 200 1
> 201 210 1
> 900 1000 1
----------


Test #3: collatz-tests/as63444-RunCollatz.in
Runtime: 14 seconds
----------


Test #4: collatz-tests/cb37956-RunCollatz.in
Runtime: 0 seconds
----------


Test #5: collatz-tests/ck22736-RunCollatz.in
Runtime: 15 seconds
4a5,8
> 1 10 20
> 100 200 125
> 201 210 89
> 900 1000 174
----------


Test #6: collatz-tests/cm43538-RunCollatz.in
Runtime: 1 seconds
----------


Test #7: collatz-tests/cor258-RunCollatz.in
Runtime: 133 seconds
----------


Test #8: collatz-tests/crb2847-RunCollatz.in
Runtime: 2 seconds
----------


Test #9: collatz-tests/crb3385-RunCollatz.in
Runtime: 0 seconds
5,12c5,107
< Traceback (most recent call last):
<   File "./RunCollatz.py", line 22, in <module>
<     collatz_solve(sys.stdin, sys.stdout)
<   File "/Users/mkurian/Github/cs373-collatz/Collatz.py", line 104, in collatz_solve
<     i, j = collatz_read(s)
<   File "/Users/mkurian/Github/cs373-collatz/Collatz.py", line 20, in collatz_read
<     return [int(a[0]), int(a[1])]
< IndexError: list index out of range
---
> 
> 317037 347142 441
> 367384 584293 470
> 471302 857843 525
> 317236 405527 441
> 751150 540637 509
> 193769 655588 509
> 13954 365154 443
> 813482 915698 525
> 190893 442183 449
> 153758 392830 443
> 821696 57848 509
> 711180 154415 509
> 597683 107573 470
> 941852 801924 525
> 612834 614703 310
> 561296 596877 434
> 987433 266236 525
> 267533 931750 525
> 879826 544619 525
> 432424 596012 470
> 409952 45520 443
> 103106 972236 525
> 859558 691993 525
> 409228 690569 509
> 816851 107327 509
> 875354 711087 525
> 660545 615443 509
> 823408 587754 509
> 447323 687161 509
> 962744 89599 525
> 975218 99154 525
> 605762 263421 470
> 224538 512124 470
> 799630 662303 504
> 544429 744271 509
> 978029 93592 525
> 656182 781560 504
> 359242 417574 449
> 42115 78424 351
> 125552 563932 470
> 177894 492570 449
> 203469 9605 383
> 143591 538287 470
> 575530 671669 509
> 792918 718175 468
> 376314 360871 392
> 193777 359059 443
> 264582 242023 407
> 400697 300915 441
> 417225 403017 449
> 116051 279703 443
> 273963 316101 389
> 33348 483856 449
> 343180 511782 449
> 362265 685633 509
> 54548 883622 525
> 351926 331266 441
> 566120 455425 470
> 213682 933226 525
> 848425 81809 525
> 805076 584016 509
> 521246 331535 470
> 359333 306034 441
> 63970 146669 375
> 526065 483043 470
> 341970 674577 509
> 110242 968778 525
> 567089 229943 470
> 54981 220652 386
> 126301 92377 354
> 197867 118485 383
> 64998 432800 449
> 793020 909110 525
> 858927 510437 525
> 500310 588071 470
> 291549 409083 441
> 688382 480298 509
> 187086 285311 443
> 926919 759068 525
> 88432 391544 443
> 319088 161113 443
> 860384 261135 525
> 902175 1586 525
> 995573 655470 525
> 474884 849423 525
> 326246 2638 443
> 123125 220672 386
> 6891 414983 449
> 405217 647865 509
> 741599 916460 525
> 650313 161643 509
> 764459 48330 509
> 653498 601864 509
> 487428 797914 509
> 250373 378441 441
> 813743 306546 509
> 721872 535718 509
> 888865 690610 525
> 150972 145091 370
> 872827 903262 445
> 1 1 1
> 22 22 16
----------


Test #10: collatz-tests/ctd487-RunCollatz.in
Runtime: 15 seconds
----------


Test #11: collatz-tests/dci223-RunCollatz.in
Runtime: 2 seconds
205,212c205,304
< Traceback (most recent call last):
<   File "./RunCollatz.py", line 22, in <module>
<     collatz_solve(sys.stdin, sys.stdout)
<   File "/Users/mkurian/Github/cs373-collatz/Collatz.py", line 105, in collatz_solve
<     v = collatz_eval(i, j)
<   File "/Users/mkurian/Github/cs373-collatz/Collatz.py", line 56, in collatz_eval
<     assert 0 < j < 1000000
< AssertionError
---
> 41 -70 0
> -632 590 0
> -710 9 0
> -416 777 0
> 10 -887 0
> 994 -734 0
> 284 540 144
> -94 -868 0
> 450 -103 0
> 607 362 142
> 112 161 122
> -515 269 0
> 969 522 179
> 747 398 171
> -929 -441 0
> 203 619 144
> 466 -233 0
> -980 526 0
> -622 932 0
> -186 -571 0
> 868 644 171
> 160 -570 0
> -380 -432 0
> -921 392 0
> -868 -508 0
> -873 28 0
> -630 -199 0
> 262 804 171
> 780 906 179
> -155 127 0
> 411 298 144
> -829 -654 0
> -138 -53 0
> -784 663 0
> -941 412 0
> -496 81 0
> -905 141 0
> -365 -697 0
> 600 664 145
> 654 599 145
> 120 -113 0
> -585 672 0
> -937 37 0
> 467 -133 0
> -473 -214 0
> -130 659 0
> 609 407 142
> -401 90 0
> -364 209 0
> 715 -158 0
> 317 -496 0
> -434 166 0
> -654 233 0
> 372 970 179
> 271 -986 0
> -359 511 0
> 738 360 171
> 441 -217 0
> 684 853 171
> -830 334 0
> 4 919 179
> 458 -397 0
> -508 -967 0
> 864 456 171
> -951 -971 0
> -163 -923 0
> 388 267 144
> -397 611 0
> 153 330 144
> -425 -917 0
> -910 -581 0
> -943 -529 0
> -693 -970 0
> 90 918 179
> -165 -329 0
> 810 654 171
> 326 155 131
> 783 17 171
> 692 460 145
> -397 -583 0
> 804 427 171
> -144 80 0
> -888 886 0
> 542 -6 0
> -300 502 0
> 925 163 179
> -814 -29 0
> -945 -627 0
> 229 568 144
> -215 -80 0
> 703 902 179
> -543 627 0
> -225 925 0
> 660 907 179
> 882 552 179
> -784 121 0
> -339 793 0
> -979 292 0
> -951 -318 0
> 102 413 144
----------


Test #12: collatz-tests/dpt336-RunCollatz.in
Runtime: 0 seconds
1,4c1,4
< 1 10 20
< 100 200 125
< 201 210 89
< 900 1000 174
---
> 1 10 1
> 100 200 1
> 201 210 1
> 900 1000 1
----------


Test #13: collatz-tests/dr26284-RunCollatz.in
Runtime: 0 seconds
----------


Test #14: collatz-tests/ds38372-RunCollatz.in
Runtime: 0 seconds
----------


Test #15: collatz-tests/erc848-RunCollatz.in
Runtime: 10 seconds
----------


Test #16: collatz-tests/hc22263-RunCollatz.in
Runtime: 0 seconds
1,4c1,4
< 1 10 20
< 100 200 125
< 201 210 89
< 900 1000 174
---
> 1 10 1
> 100 200 1
> 201 210 1
> 900 1000 1
----------


Test #17: collatz-tests/il3345-RunCollatz.in
Runtime: 3 seconds
----------


Test #18: collatz-tests/jl47232-RunCollatz.in
