703328 862015 525
68177 981083 525
277427 570013 470
622196 821191 509
71019 550374 470
341441 799670 509
185497 477961 449
335286 651246 509
158190 778092 509
783840 946580 525
56240 729831 509
160547 709254 509
56252 942479 525
684302 849755 525
42201 371417 443
51520 321098 443
304699 644217 509
749190 873124 525
302501 788546 509
623930 912855 525
399912 532112 470
46966 563892 470
377052 750500 509
121003 777495 509
289946 965768 525
309522 400109 441
21526 774595 509
357617 521818 470
38999 540444 470
55496 394079 443
192237 638378 509
705873 928288 525
650245 996467 525
494167 988297 525
279888 462669 449
148212 296081 443
298634 902942 525
484734 649090 509
699089 744187 504
56572 522302 470
300974 745657 509
488778 729580 509
489069 719584 509
695232 911600 525
26542 68531 340
205325 872864 525
230598 896907 525
774943 836148 468
289555 581298 470
123516 880997 525
487207 812428 509
387675 554225 470
185919 953329 525
455634 732077 509
259006 960199 525
620785 658511 509
95263 880928 525
85207 198015 383
320901 720832 509
626989 728264 504
75157 382304 443
573805 673757 509
33455 80014 351
204195 230122 386
26498 999455 525
316884 342338 384
501488 641366 509
198762 664000 509
26722 144648 375
260900 337678 407
184742 444601 449
769378 844357 525
91705 945890 525
37360 824529 509
427132 536107 470
99981 986758 525
129023 483553 449
601111 963857 525
255598 467132 449
191094 984693 525
958846 985662 458
286889 434614 449
540961 984399 525
102058 914027 525
28791 890245 525
428044 814927 509
264844 494003 449
201175 996072 525
291405 755213 509
774541 910174 525
352537 883426 525
463855 884055 525
212795 327958 443
55873 820401 509
2883 434463 449
354237 952356 525
161279 988067 525
4711 153248 375
229276 371116 443
338841 665942 509
